Tibia - Graphical Multi-User-Dungeon
Löschen alter User gestartet: Fri Apr  1 00:13:01 2005
-------------------------------------------------------------------------------
7941500: 0 Tage idle - Level 8 (KEEP_CHARACTER)
7951200: 0 Tage idle - Level 3 (KEEP_CHARACTER)
7940400: 1 Tage idle - Level 1 (KEEP_CHARACTER)
7958200: 0 Tage idle - Level 1 (KEEP_CHARACTER)
7944200: 0 Tage idle - Level 4 (KEEP_CHARACTER)
7941200: 1 Tage idle - Level 7 (KEEP_CHARACTER)
7949401: 0 Tage idle - Level 1 (KEEP_CHARACTER)
7939201: 0 Tage idle - Level 6 (KEEP_CHARACTER)
7948301: 0 Tage idle - Level 5 (KEEP_CHARACTER)
7940901: 1 Tage idle - Level 1 (KEEP_CHARACTER)
7962001: 0 Tage idle - Level 5 (KEEP_CHARACTER)
7941701: 1 Tage idle - Level 1 (KEEP_CHARACTER)
7949901: 0 Tage idle - Level 1 (KEEP_CHARACTER)
7959601: 0 Tage idle - Level 1 (KEEP_CHARACTER)
7954601: 0 Tage idle - Level 2 (KEEP_CHARACTER)
7948101: 0 Tage idle - Level 4 (KEEP_CHARACTER)
7959202: 0 Tage idle - Level 1 (KEEP_CHARACTER)
7940902: 1 Tage idle - Level 3 (KEEP_CHARACTER)
7942102: 1 Tage idle - Level 1 (KEEP_CHARACTER)
7939502: 1 Tage idle - Level 1 (KEEP_CHARACTER)
7940402: 1 Tage idle - Level 1 (KEEP_CHARACTER)
7941002: 1 Tage idle - Level 2 (KEEP_CHARACTER)
7950102: 0 Tage idle - Level 3 (KEEP_CHARACTER)
7953302: 0 Tage idle - Level 1 (KEEP_CHARACTER)
7939002: 1 Tage idle - Level 6 (KEEP_CHARACTER)
7940602: 1 Tage idle - Level 1 (KEEP_CHARACTER)
7939403: 1 Tage idle - Level 1 (KEEP_CHARACTER)
7951903: 0 Tage idle - Level 3 (KEEP_CHARACTER)
7950803: 0 Tage idle - Level 3 (KEEP_CHARACTER)
7941903: 0 Tage idle - Level 5 (KEEP_CHARACTER)
7940004: 0 Tage idle - Level 3 (KEEP_CHARACTER)
7954104: 0 Tage idle - Level 1 (KEEP_CHARACTER)
7944504: 0 Tage idle - Level 2 (KEEP_CHARACTER)
7950404: 0 Tage idle - Level 6 (KEEP_CHARACTER)
7941404: 0 Tage idle - Level 5 (KEEP_CHARACTER)
7953704: 0 Tage idle - Level 4 (KEEP_CHARACTER)
7950004: 0 Tage idle - Level 4 (KEEP_CHARACTER)
7940705: 1 Tage idle - Level 1 (KEEP_CHARACTER)
7957905: 0 Tage idle - Level 1 (KEEP_CHARACTER)
7953505: 0 Tage idle - Level 2 (KEEP_CHARACTER)
7942105: 1 Tage idle - Level 3 (KEEP_CHARACTER)
7939405: 0 Tage idle - Level 7 (KEEP_CHARACTER)
7944705: 0 Tage idle - Level 5 (KEEP_CHARACTER)
7953805: 0 Tage idle - Level 3 (KEEP_CHARACTER)
7957605: 0 Tage idle - Level 1 (KEEP_CHARACTER)
7942305: 1 Tage idle - Level 1 (KEEP_CHARACTER)
7939605: 1 Tage idle - Level 1 (KEEP_CHARACTER)
7944905: 0 Tage idle - Level 4 (KEEP_CHARACTER)
7952906: 0 Tage idle - Level 3 (KEEP_CHARACTER)
7955406: 0 Tage idle - Level 6 (KEEP_CHARACTER)
7940806: 0 Tage idle - Level 4 (KEEP_CHARACTER)
7943406: 1 Tage idle - Level 1 (KEEP_CHARACTER)
7955606: 0 Tage idle - Level 5 (KEEP_CHARACTER)
7956406: 0 Tage idle - Level 1 (KEEP_CHARACTER)
7955206: 0 Tage idle - Level 2 (KEEP_CHARACTER)
7952207: 0 Tage idle - Level 4 (KEEP_CHARACTER)
7952307: 0 Tage idle - Level 1 (KEEP_CHARACTER)
7939307: 0 Tage idle - Level 1 (KEEP_CHARACTER)
7956107: 0 Tage idle - Level 1 (KEEP_CHARACTER)
7958707: 0 Tage idle - Level 4 (KEEP_CHARACTER)
7946007: 0 Tage idle - Level 3 (KEEP_CHARACTER)
7950807: 0 Tage idle - Level 4 (KEEP_CHARACTER)
7954008: 0 Tage idle - Level 2 (KEEP_CHARACTER)
7945108: 0 Tage idle - Level 6 (KEEP_CHARACTER)
7951708: 0 Tage idle - Level 1 (KEEP_CHARACTER)
7947908: 0 Tage idle - Level 1 (KEEP_CHARACTER)
7945408: 0 Tage idle - Level 3 (KEEP_CHARACTER)
7945608: 0 Tage idle - Level 7 (KEEP_CHARACTER)
7952808: 0 Tage idle - Level 1 (KEEP_CHARACTER)
7945709: 0 Tage idle - Level 3 (KEEP_CHARACTER)
7949509: 0 Tage idle - Level 5 (KEEP_CHARACTER)
7944509: 1 Tage idle - Level 2 (KEEP_CHARACTER)
7956009: 0 Tage idle - Level 4 (KEEP_CHARACTER)
7940809: 1 Tage idle - Level 1 (KEEP_CHARACTER)
7939309: 0 Tage idle - Level 7 (KEEP_CHARACTER)
7945909: 0 Tage idle - Level 7 (KEEP_CHARACTER)
7952409: 0 Tage idle - Level 1 (KEEP_CHARACTER)
7957509: 0 Tage idle - Level 2 (KEEP_CHARACTER)
7942909: 1 Tage idle - Level 1 (KEEP_CHARACTER)
7944809: 1 Tage idle - Level 1 (KEEP_CHARACTER)
7941709: 1 Tage idle - Level 2 (KEEP_CHARACTER)
7944209: 0 Tage idle - Level 2 (KEEP_CHARACTER)
7946809: 0 Tage idle - Level 2 (KEEP_CHARACTER)
7941209: 0 Tage idle - Level 6 (KEEP_CHARACTER)
7940810: 1 Tage idle - Level 6 (KEEP_CHARACTER)
7947010: 0 Tage idle - Level 5 (KEEP_CHARACTER)
7942010: 1 Tage idle - Level 1 (KEEP_CHARACTER)
7952310: 0 Tage idle - Level 5 (KEEP_CHARACTER)
7956110: 0 Tage idle - Level 1 (KEEP_CHARACTER)
7942110: 0 Tage idle - Level 3 (KEEP_CHARACTER)
7947210: 0 Tage idle - Level 5 (KEEP_CHARACTER)
7953210: 0 Tage idle - Level 5 (KEEP_CHARACTER)
7950110: 0 Tage idle - Level 1 (KEEP_CHARACTER)
7955810: 0 Tage idle - Level 2 (KEEP_CHARACTER)
7941110: 1 Tage idle - Level 1 (KEEP_CHARACTER)
7951410: 0 Tage idle - Level 3 (KEEP_CHARACTER)
7953310: 0 Tage idle - Level 1 (KEEP_CHARACTER)
7940011: 0 Tage idle - Level 6 (KEEP_CHARACTER)
7940711: 1 Tage idle - Level 1 (KEEP_CHARACTER)
7959111: 0 Tage idle - Level 1 (KEEP_CHARACTER)
7952311: 0 Tage idle - Level 4 (KEEP_CHARACTER)
7947811: 0 Tage idle - Level 4 (KEEP_CHARACTER)
7943411: 0 Tage idle - Level 4 (KEEP_CHARACTER)
7959311: 0 Tage idle - Level 2 (KEEP_CHARACTER)
7940311: 0 Tage idle - Level 4 (KEEP_CHARACTER)
7947911: 0 Tage idle - Level 1 (KEEP_CHARACTER)
7957111: 0 Tage idle - Level 4 (KEEP_CHARACTER)
7940712: 0 Tage idle - Level 7 (KEEP_CHARACTER)
7944512: 1 Tage idle - Level 2 (KEEP_CHARACTER)
7940812: 1 Tage idle - Level 1 (KEEP_CHARACTER)
7947712: 0 Tage idle - Level 3 (KEEP_CHARACTER)
7950512: 0 Tage idle - Level 6 (KEEP_CHARACTER)
7941612: 0 Tage idle - Level 11 (KEEP_CHARACTER)
7941712: 1 Tage idle - Level 1 (KEEP_CHARACTER)
7942312: 1 Tage idle - Level 2 (KEEP_CHARACTER)
7953212: 0 Tage idle - Level 1 (KEEP_CHARACTER)
7943612: 0 Tage idle - Level 2 (KEEP_CHARACTER)
7939612: 1 Tage idle - Level 5 (KEEP_CHARACTER)
7944212: 1 Tage idle - Level 1 (KEEP_CHARACTER)
7950112: 0 Tage idle - Level 1 (KEEP_CHARACTER)
7946812: 0 Tage idle - Level 5 (KEEP_CHARACTER)
7956512: 0 Tage idle - Level 4 (KEEP_CHARACTER)
7942613: 1 Tage idle - Level 1 (KEEP_CHARACTER)
7944513: 1 Tage idle - Level 6 (KEEP_CHARACTER)
7956013: 0 Tage idle - Level 4 (KEEP_CHARACTER)
7941513: 1 Tage idle - Level 1 (KEEP_CHARACTER)
7947213: 1 Tage idle - Level 4 (KEEP_CHARACTER)
7944113: 1 Tage idle - Level 5 (KEEP_CHARACTER)
7946013: 0 Tage idle - Level 1 (KEEP_CHARACTER)
7956614: 0 Tage idle - Level 4 (KEEP_CHARACTER)
7943214: 0 Tage idle - Level 2 (KEEP_CHARACTER)
7947014: 0 Tage idle - Level 5 (KEEP_CHARACTER)
7941614: 0 Tage idle - Level 6 (KEEP_CHARACTER)
7943614: 0 Tage idle - Level 6 (KEEP_CHARACTER)
7957814: 0 Tage idle - Level 4 (KEEP_CHARACTER)
7939815: 1 Tage idle - Level 1 (KEEP_CHARACTER)
7951615: 0 Tage idle - Level 1 (KEEP_CHARACTER)
7944515: 0 Tage idle - Level 6 (KEEP_CHARACTER)
7943315: 0 Tage idle - Level 4 (KEEP_CHARACTER)
7954915: 0 Tage idle - Level 5 (KEEP_CHARACTER)
7940915: 1 Tage idle - Level 1 (KEEP_CHARACTER)
7950015: 0 Tage idle - Level 6 (KEEP_CHARACTER)
7944215: 0 Tage idle - Level 5 (KEEP_CHARACTER)
7941115: 1 Tage idle - Level 1 (KEEP_CHARACTER)
7939015: 1 Tage idle - Level 6 (KEEP_CHARACTER)
7944315: 1 Tage idle - Level 1 (KEEP_CHARACTER)
7941215: 1 Tage idle - Level 1 (KEEP_CHARACTER)
7948816: 0 Tage idle - Level 7 (KEEP_CHARACTER)
7939216: 1 Tage idle - Level 1 (KEEP_CHARACTER)
7953816: 0 Tage idle - Level 3 (KEEP_CHARACTER)
7959717: 0 Tage idle - Level 4 (KEEP_CHARACTER)
7950317: 0 Tage idle - Level 1 (KEEP_CHARACTER)
7952217: 0 Tage idle - Level 1 (KEEP_CHARACTER)
7953717: 0 Tage idle - Level 1 (KEEP_CHARACTER)
7945417: 1 Tage idle - Level 4 (KEEP_CHARACTER)
7944217: 1 Tage idle - Level 1 (KEEP_CHARACTER)
7941217: 1 Tage idle - Level 4 (KEEP_CHARACTER)
7952117: 0 Tage idle - Level 2 (KEEP_CHARACTER)
7950318: 0 Tage idle - Level 1 (KEEP_CHARACTER)
7951618: 0 Tage idle - Level 3 (KEEP_CHARACTER)
7954218: 0 Tage idle - Level 2 (KEEP_CHARACTER)
7945918: 0 Tage idle - Level 1 (KEEP_CHARACTER)
7939618: 1 Tage idle - Level 1 (KEEP_CHARACTER)
7941118: 1 Tage idle - Level 1 (KEEP_CHARACTER)
7955218: 0 Tage idle - Level 2 (KEEP_CHARACTER)
7951518: 0 Tage idle - Level 4 (KEEP_CHARACTER)
7957419: 0 Tage idle - Level 1 (KEEP_CHARACTER)
7943419: 1 Tage idle - Level 1 (KEEP_CHARACTER)
7958919: 0 Tage idle - Level 4 (KEEP_CHARACTER)
7946819: 0 Tage idle - Level 1 (KEEP_CHARACTER)
7955219: 0 Tage idle - Level 1 (KEEP_CHARACTER)
7941219: 0 Tage idle - Level 6 (KEEP_CHARACTER)
7942520: 0 Tage idle - Level 1 (KEEP_CHARACTER)
7952820: 0 Tage idle - Level 1 (KEEP_CHARACTER)
7939120: 0 Tage idle - Level 6 (KEEP_CHARACTER)
7939820: 0 Tage idle - Level 7 (KEEP_CHARACTER)
7940020: 0 Tage idle - Level 9 (KEEP_CHARACTER)
7956620: 0 Tage idle - Level 2 (KEEP_CHARACTER)
7939220: 0 Tage idle - Level 6 (KEEP_CHARACTER)
7954820: 0 Tage idle - Level 1 (KEEP_CHARACTER)
7940320: 1 Tage idle - Level 1 (KEEP_CHARACTER)
7941020: 1 Tage idle - Level 1 (KEEP_CHARACTER)
7952620: 0 Tage idle - Level 1 (KEEP_CHARACTER)
7955120: 0 Tage idle - Level 2 (KEEP_CHARACTER)
7946120: 1 Tage idle - Level 1 (KEEP_CHARACTER)
7943121: 0 Tage idle - Level 7 (KEEP_CHARACTER)
7958121: 0 Tage idle - Level 3 (KEEP_CHARACTER)
7946021: 0 Tage idle - Level 1 (KEEP_CHARACTER)
7941021: 0 Tage idle - Level 2 (KEEP_CHARACTER)
7948721: 0 Tage idle - Level 4 (KEEP_CHARACTER)
7950221: 0 Tage idle - Level 3 (KEEP_CHARACTER)
7957821: 0 Tage idle - Level 1 (KEEP_CHARACTER)
7953422: 0 Tage idle - Level 1 (KEEP_CHARACTER)
7954022: 0 Tage idle - Level 6 (KEEP_CHARACTER)
7940022: 1 Tage idle - Level 1 (KEEP_CHARACTER)
7946322: 0 Tage idle - Level 1 (KEEP_CHARACTER)
7941322: 0 Tage idle - Level 5 (KEEP_CHARACTER)
7943422: 0 Tage idle - Level 1 (KEEP_CHARACTER)
7944022: 0 Tage idle - Level 3 (KEEP_CHARACTER)
7940422: 1 Tage idle - Level 1 (KEEP_CHARACTER)
7941022: 1 Tage idle - Level 1 (KEEP_CHARACTER)
7946822: 0 Tage idle - Level 2 (KEEP_CHARACTER)
7943022: 0 Tage idle - Level 3 (KEEP_CHARACTER)
7947023: 0 Tage idle - Level 4 (KEEP_CHARACTER)
7949623: 0 Tage idle - Level 4 (KEEP_CHARACTER)
7945323: 1 Tage idle - Level 1 (KEEP_CHARACTER)
7941623: 1 Tage idle - Level 1 (KEEP_CHARACTER)
7952723: 0 Tage idle - Level 1 (KEEP_CHARACTER)
7955324: 0 Tage idle - Level 3 (KEEP_CHARACTER)
7942624: 1 Tage idle - Level 3 (KEEP_CHARACTER)
7942724: 0 Tage idle - Level 2 (KEEP_CHARACTER)
7955824: 0 Tage idle - Level 4 (KEEP_CHARACTER)
7940624: 0 Tage idle - Level 1 (KEEP_CHARACTER)
7958425: 0 Tage idle - Level 1 (KEEP_CHARACTER)
7946425: 0 Tage idle - Level 4 (KEEP_CHARACTER)
7950525: 0 Tage idle - Level 3 (KEEP_CHARACTER)
7943025: 0 Tage idle - Level 5 (KEEP_CHARACTER)
7948725: 0 Tage idle - Level 2 (KEEP_CHARACTER)
7949325: 0 Tage idle - Level 1 (KEEP_CHARACTER)
7939725: 0 Tage idle - Level 3 (KEEP_CHARACTER)
7945625: 0 Tage idle - Level 5 (KEEP_CHARACTER)
7954026: 0 Tage idle - Level 1 (KEEP_CHARACTER)
7958526: 0 Tage idle - Level 1 (KEEP_CHARACTER)
7952326: 0 Tage idle - Level 3 (KEEP_CHARACTER)
7954226: 0 Tage idle - Level 5 (KEEP_CHARACTER)
7940226: 1 Tage idle - Level 1 (KEEP_CHARACTER)
7946526: 0 Tage idle - Level 1 (KEEP_CHARACTER)
7953026: 0 Tage idle - Level 1 (KEEP_CHARACTER)
7942226: 0 Tage idle - Level 4 (KEEP_CHARACTER)
7953826: 0 Tage idle - Level 5 (KEEP_CHARACTER)
7952026: 0 Tage idle - Level 1 (KEEP_CHARACTER)
7943026: 0 Tage idle - Level 5 (KEEP_CHARACTER)
7953326: 0 Tage idle - Level 1 (KEEP_CHARACTER)
7944427: 1 Tage idle - Level 4 (KEEP_CHARACTER)
7947627: 0 Tage idle - Level 4 (KEEP_CHARACTER)
7940827: 1 Tage idle - Level 1 (KEEP_CHARACTER)
7940227: 1 Tage idle - Level 1 (KEEP_CHARACTER)
7940327: 1 Tage idle - Level 1 (KEEP_CHARACTER)
7942927: 1 Tage idle - Level 3 (KEEP_CHARACTER)
7944227: 1 Tage idle - Level 4 (KEEP_CHARACTER)
7957027: 0 Tage idle - Level 1 (KEEP_CHARACTER)
7957727: 0 Tage idle - Level 2 (KEEP_CHARACTER)
7939027: 1 Tage idle - Level 2 (KEEP_CHARACTER)
7940627: 1 Tage idle - Level 1 (KEEP_CHARACTER)
7940028: 1 Tage idle - Level 1 (KEEP_CHARACTER)
7940828: 0 Tage idle - Level 5 (KEEP_CHARACTER)
7940928: 1 Tage idle - Level 5 (KEEP_CHARACTER)
7941728: 1 Tage idle - Level 1 (KEEP_CHARACTER)
7962928: 0 Tage idle - Level 2 (KEEP_CHARACTER)
7939628: 1 Tage idle - Level 1 (KEEP_CHARACTER)
7946128: 0 Tage idle - Level 5 (KEEP_CHARACTER)
7945628: 1 Tage idle - Level 1 (KEEP_CHARACTER)
7943829: 0 Tage idle - Level 1 (KEEP_CHARACTER)
7940029: 1 Tage idle - Level 4 (KEEP_CHARACTER)
7961329: 0 Tage idle - Level 1 (KEEP_CHARACTER)
7945929: 0 Tage idle - Level 4 (KEEP_CHARACTER)
7942929: 0 Tage idle - Level 4 (KEEP_CHARACTER)
7964029: 0 Tage idle - Level 1 (KEEP_CHARACTER)
7943029: 0 Tage idle - Level 4 (KEEP_CHARACTER)
7941229: 1 Tage idle - Level 7 (KEEP_CHARACTER)
7941929: 1 Tage idle - Level 1 (KEEP_CHARACTER)
7950330: 0 Tage idle - Level 3 (KEEP_CHARACTER)
7946430: 0 Tage idle - Level 2 (KEEP_CHARACTER)
7953030: 0 Tage idle - Level 2 (KEEP_CHARACTER)
7943630: 0 Tage idle - Level 2 (KEEP_CHARACTER)
7942430: 1 Tage idle - Level 1 (KEEP_CHARACTER)
7955930: 0 Tage idle - Level 3 (KEEP_CHARACTER)
7940630: 0 Tage idle - Level 6 (KEEP_CHARACTER)
7944531: 1 Tage idle - Level 1 (KEEP_CHARACTER)
7940831: 1 Tage idle - Level 1 (KEEP_CHARACTER)
7959231: 0 Tage idle - Level 1 (KEEP_CHARACTER)
7939431: 0 Tage idle - Level 3 (KEEP_CHARACTER)
7944031: 1 Tage idle - Level 1 (KEEP_CHARACTER)
7939531: 1 Tage idle - Level 6 (KEEP_CHARACTER)
7940431: 1 Tage idle - Level 7 (KEEP_CHARACTER)
7951531: 0 Tage idle - Level 1 (KEEP_CHARACTER)
7941332: 1 Tage idle - Level 1 (KEEP_CHARACTER)
7952232: 0 Tage idle - Level 1 (KEEP_CHARACTER)
7943932: 0 Tage idle - Level 4 (KEEP_CHARACTER)
7945132: 0 Tage idle - Level 3 (KEEP_CHARACTER)
7945832: 0 Tage idle - Level 2 (KEEP_CHARACTER)
7959232: 0 Tage idle - Level 4 (KEEP_CHARACTER)
7956132: 0 Tage idle - Level 3 (KEEP_CHARACTER)
7941532: 1 Tage idle - Level 1 (KEEP_CHARACTER)
7944032: 0 Tage idle - Level 7 (KEEP_CHARACTER)
7953132: 0 Tage idle - Level 2 (KEEP_CHARACTER)
7943532: 0 Tage idle - Level 1 (KEEP_CHARACTER)
7953832: 0 Tage idle - Level 2 (KEEP_CHARACTER)
7955032: 0 Tage idle - Level 6 (KEEP_CHARACTER)
7941032: 1 Tage idle - Level 1 (KEEP_CHARACTER)
7949232: 0 Tage idle - Level 2 (KEEP_CHARACTER)
7949332: 0 Tage idle - Level 6 (KEEP_CHARACTER)
7959033: 0 Tage idle - Level 1 (KEEP_CHARACTER)
7952933: 0 Tage idle - Level 1 (KEEP_CHARACTER)
7942733: 1 Tage idle - Level 1 (KEEP_CHARACTER)
7940933: 1 Tage idle - Level 1 (KEEP_CHARACTER)
7950733: 0 Tage idle - Level 1 (KEEP_CHARACTER)
7943733: 0 Tage idle - Level 9 (KEEP_CHARACTER)
7954633: 0 Tage idle - Level 2 (KEEP_CHARACTER)
7945633: 1 Tage idle - Level 1 (KEEP_CHARACTER)
7946233: 1 Tage idle - Level 3 (KEEP_CHARACTER)
7955334: 0 Tage idle - Level 1 (KEEP_CHARACTER)
7948934: 0 Tage idle - Level 5 (KEEP_CHARACTER)
7945834: 0 Tage idle - Level 3 (KEEP_CHARACTER)
7951734: 0 Tage idle - Level 2 (KEEP_CHARACTER)
7941534: 1 Tage idle - Level 1 (KEEP_CHARACTER)
7951834: 0 Tage idle - Level 3 (KEEP_CHARACTER)
7945334: 0 Tage idle - Level 1 (KEEP_CHARACTER)
7949834: 0 Tage idle - Level 4 (KEEP_CHARACTER)
7955034: 0 Tage idle - Level 3 (KEEP_CHARACTER)
7952034: 0 Tage idle - Level 1 (KEEP_CHARACTER)
7941234: 0 Tage idle - Level 5 (KEEP_CHARACTER)
7952835: 0 Tage idle - Level 5 (KEEP_CHARACTER)
7939235: 0 Tage idle - Level 4 (KEEP_CHARACTER)
7959235: 0 Tage idle - Level 2 (KEEP_CHARACTER)
7939335: 1 Tage idle - Level 1 (KEEP_CHARACTER)
7951135: 0 Tage idle - Level 5 (KEEP_CHARACTER)
7949835: 0 Tage idle - Level 1 (KEEP_CHARACTER)
7946035: 0 Tage idle - Level 3 (KEEP_CHARACTER)
7942335: 1 Tage idle - Level 1 (KEEP_CHARACTER)
7940635: 1 Tage idle - Level 1 (KEEP_CHARACTER)
7962536: 0 Tage idle - Level 3 (KEEP_CHARACTER)
7943936: 0 Tage idle - Level 1 (KEEP_CHARACTER)
7945836: 1 Tage idle - Level 1 (KEEP_CHARACTER)
7952336: 0 Tage idle - Level 2 (KEEP_CHARACTER)
7952436: 0 Tage idle - Level 3 (KEEP_CHARACTER)
7949036: 0 Tage idle - Level 5 (KEEP_CHARACTER)
7939536: 1 Tage idle - Level 1 (KEEP_CHARACTER)
7947336: 0 Tage idle - Level 1 (KEEP_CHARACTER)
7948736: 0 Tage idle - Level 3 (KEEP_CHARACTER)
7957837: 0 Tage idle - Level 4 (KEEP_CHARACTER)
7940937: 1 Tage idle - Level 2 (KEEP_CHARACTER)
7948537: 0 Tage idle - Level 5 (KEEP_CHARACTER)
7958837: 0 Tage idle - Level 1 (KEEP_CHARACTER)
7941037: 1 Tage idle - Level 1 (KEEP_CHARACTER)
7951337: 0 Tage idle - Level 6 (KEEP_CHARACTER)
7941737: 1 Tage idle - Level 1 (KEEP_CHARACTER)
7942337: 1 Tage idle - Level 1 (KEEP_CHARACTER)
7960437: 0 Tage idle - Level 1 (KEEP_CHARACTER)
7950837: 0 Tage idle - Level 6 (KEEP_CHARACTER)
7952338: 0 Tage idle - Level 1 (KEEP_CHARACTER)
7954238: 0 Tage idle - Level 3 (KEEP_CHARACTER)
7941638: 1 Tage idle - Level 1 (KEEP_CHARACTER)
7953138: 0 Tage idle - Level 1 (KEEP_CHARACTER)
7940438: 1 Tage idle - Level 1 (KEEP_CHARACTER)
7953938: 0 Tage idle - Level 1 (KEEP_CHARACTER)
7949938: 0 Tage idle - Level 6 (KEEP_CHARACTER)
7950238: 0 Tage idle - Level 2 (KEEP_CHARACTER)
7942639: 1 Tage idle - Level 1 (KEEP_CHARACTER)
7962739: 0 Tage idle - Level 2 (KEEP_CHARACTER)
7941039: 1 Tage idle - Level 1 (KEEP_CHARACTER)
7946739: 1 Tage idle - Level 1 (KEEP_CHARACTER)
7952639: 0 Tage idle - Level 1 (KEEP_CHARACTER)
7949440: 0 Tage idle - Level 4 (KEEP_CHARACTER)
7940040: 1 Tage idle - Level 1
7950340: 0 Tage idle - Level 3 (KEEP_CHARACTER)
7939940: 1 Tage idle - Level 1 (KEEP_CHARACTER)
7945840: 0 Tage idle - Level 1 (KEEP_CHARACTER)
7951040: 0 Tage idle - Level 4 (KEEP_CHARACTER)
7948440: 0 Tage idle - Level 1 (KEEP_CHARACTER)
7954340: 0 Tage idle - Level 5 (KEEP_CHARACTER)
7942240: 0 Tage idle - Level 5 (KEEP_CHARACTER)
7947940: 0 Tage idle - Level 2 (KEEP_CHARACTER)
7945440: 0 Tage idle - Level 1 (KEEP_CHARACTER)
7949340: 0 Tage idle - Level 1 (KEEP_CHARACTER)
7943941: 0 Tage idle - Level 5 (KEEP_CHARACTER)
7956041: 0 Tage idle - Level 2 (KEEP_CHARACTER)
7958641: 0 Tage idle - Level 1 (KEEP_CHARACTER)
7942841: 1 Tage idle - Level 1 (KEEP_CHARACTER)
7944741: 1 Tage idle - Level 2 (KEEP_CHARACTER)
7947941: 0 Tage idle - Level 4 (KEEP_CHARACTER)
7949841: 0 Tage idle - Level 2 (KEEP_CHARACTER)
7948641: 0 Tage idle - Level 6 (KEEP_CHARACTER)
7939641: 1 Tage idle - Level 1 (KEEP_CHARACTER)
7950841: 0 Tage idle - Level 7 (KEEP_CHARACTER)
7956441: 0 Tage idle - Level 1 (KEEP_CHARACTER)
7957041: 0 Tage idle - Level 5 (KEEP_CHARACTER)
7953341: 0 Tage idle - Level 2 (KEEP_CHARACTER)
7947542: 0 Tage idle - Level 1 (KEEP_CHARACTER)
7955342: 0 Tage idle - Level 1 (KEEP_CHARACTER)
7949542: 0 Tage idle - Level 4 (KEEP_CHARACTER)
7944542: 1 Tage idle - Level 1 (KEEP_CHARACTER)
7945942: 1 Tage idle - Level 1 (KEEP_CHARACTER)
7958042: 0 Tage idle - Level 3 (KEEP_CHARACTER)
7949842: 0 Tage idle - Level 1 (KEEP_CHARACTER)
7939642: 0 Tage idle - Level 1 (KEEP_CHARACTER)
7943042: 1 Tage idle - Level 1 (KEEP_CHARACTER)
7940642: 1 Tage idle - Level 1 (KEEP_CHARACTER)
7941242: 1 Tage idle - Level 1 (KEEP_CHARACTER)
7942643: 0 Tage idle - Level 8 (KEEP_CHARACTER)
7958543: 0 Tage idle - Level 1 (KEEP_CHARACTER)
7949643: 0 Tage idle - Level 1 (KEEP_CHARACTER)
7949743: 0 Tage idle - Level 3 (KEEP_CHARACTER)
7940443: 0 Tage idle - Level 3 (KEEP_CHARACTER)
7951443: 0 Tage idle - Level 2 (KEEP_CHARACTER)
7950943: 0 Tage idle - Level 6 (KEEP_CHARACTER)
7941243: 1 Tage idle - Level 1 (KEEP_CHARACTER)
7941944: 1 Tage idle - Level 1 (KEEP_CHARACTER)
7949044: 0 Tage idle - Level 3 (KEEP_CHARACTER)
7958144: 0 Tage idle - Level 2 (KEEP_CHARACTER)
7949144: 0 Tage idle - Level 1 (KEEP_CHARACTER)
7940444: 1 Tage idle - Level 1 (KEEP_CHARACTER)
7943644: 0 Tage idle - Level 1 (KEEP_CHARACTER)
7941144: 1 Tage idle - Level 2 (KEEP_CHARACTER)
7953344: 0 Tage idle - Level 1 (KEEP_CHARACTER)
7941245: 1 Tage idle - Level 1 (KEEP_CHARACTER)
7939845: 1 Tage idle - Level 1 (KEEP_CHARACTER)
7954845: 0 Tage idle - Level 1 (KEEP_CHARACTER)
7951045: 0 Tage idle - Level 2 (KEEP_CHARACTER)
7957445: 0 Tage idle - Level 1 (KEEP_CHARACTER)
7949745: 0 Tage idle - Level 6 (KEEP_CHARACTER)
7941745: 1 Tage idle - Level 1 (KEEP_CHARACTER)
7943645: 0 Tage idle - Level 7 (KEEP_CHARACTER)
7946145: 1 Tage idle - Level 3 (KEEP_CHARACTER)
7948846: 0 Tage idle - Level 5 (KEEP_CHARACTER)
7959046: 0 Tage idle - Level 1 (KEEP_CHARACTER)
7945046: 1 Tage idle - Level 1 (KEEP_CHARACTER)
7946346: 1 Tage idle - Level 2 (KEEP_CHARACTER)
7941346: 1 Tage idle - Level 1 (KEEP_CHARACTER)
7948946: 0 Tage idle - Level 5 (KEEP_CHARACTER)
7940146: 0 Tage idle - Level 6 (KEEP_CHARACTER)
7942346: 1 Tage idle - Level 1 (KEEP_CHARACTER)
7949246: 0 Tage idle - Level 2 (KEEP_CHARACTER)
7951446: 0 Tage idle - Level 2 (KEEP_CHARACTER)
7940646: 0 Tage idle - Level 5 (KEEP_CHARACTER)
7939847: 1 Tage idle - Level 1 (KEEP_CHARACTER)
7945047: 0 Tage idle - Level 7 (KEEP_CHARACTER)
7942747: 0 Tage idle - Level 4 (KEEP_CHARACTER)
7941547: 1 Tage idle - Level 7 (KEEP_CHARACTER)
7942247: 0 Tage idle - Level 6 (KEEP_CHARACTER)
7942947: 1 Tage idle - Level 1 (KEEP_CHARACTER)
7957848: 0 Tage idle - Level 2 (KEEP_CHARACTER)
7940048: 0 Tage idle - Level 5 (KEEP_CHARACTER)
7942748: 1 Tage idle - Level 1 (KEEP_CHARACTER)
7949648: 0 Tage idle - Level 1 (KEEP_CHARACTER)
7942248: 0 Tage idle - Level 1 (KEEP_CHARACTER)
7950748: 0 Tage idle - Level 4 (KEEP_CHARACTER)
7945548: 0 Tage idle - Level 5 (KEEP_CHARACTER)
7958348: 0 Tage idle - Level 1 (KEEP_CHARACTER)
7939048: 1 Tage idle - Level 1 (KEEP_CHARACTER)
7944348: 0 Tage idle - Level 2 (KEEP_CHARACTER)
7943249: 1 Tage idle - Level 1 (KEEP_CHARACTER)
7941449: 1 Tage idle - Level 2 (KEEP_CHARACTER)
7942749: 0 Tage idle - Level 5 (KEEP_CHARACTER)
7942149: 0 Tage idle - Level 6 (KEEP_CHARACTER)
7948449: 0 Tage idle - Level 1 (KEEP_CHARACTER)
7953149: 0 Tage idle - Level 1 (KEEP_CHARACTER)
7946049: 1 Tage idle - Level 5 (KEEP_CHARACTER)
7950749: 0 Tage idle - Level 2 (KEEP_CHARACTER)
7956349: 0 Tage idle - Level 1 (KEEP_CHARACTER)
7941149: 1 Tage idle - Level 1 (KEEP_CHARACTER)
7942550: 0 Tage idle - Level 1 (KEEP_CHARACTER)
7942650: 1 Tage idle - Level 1 (KEEP_CHARACTER)
7942150: 0 Tage idle - Level 5 (KEEP_CHARACTER)
7948450: 0 Tage idle - Level 5 (KEEP_CHARACTER)
7953850: 0 Tage idle - Level 4 (KEEP_CHARACTER)
7946850: 0 Tage idle - Level 1 (KEEP_CHARACTER)
7951450: 0 Tage idle - Level 3 (KEEP_CHARACTER)
7953451: 0 Tage idle - Level 3 (KEEP_CHARACTER)
7943951: 0 Tage idle - Level 3 (KEEP_CHARACTER)
7956251: 0 Tage idle - Level 1 (KEEP_CHARACTER)
7941751: 1 Tage idle - Level 3 (KEEP_CHARACTER)
7943651: 0 Tage idle - Level 1 (KEEP_CHARACTER)
7940551: 0 Tage idle - Level 4 (KEEP_CHARACTER)
7952252: 0 Tage idle - Level 1 (KEEP_CHARACTER)
7943952: 1 Tage idle - Level 3 (KEEP_CHARACTER)
7950552: 0 Tage idle - Level 3 (KEEP_CHARACTER)
7947152: 0 Tage idle - Level 6 (KEEP_CHARACTER)
7949852: 0 Tage idle - Level 5 (KEEP_CHARACTER)
7961652: 0 Tage idle - Level 1 (KEEP_CHARACTER)
7944952: 1 Tage idle - Level 3 (KEEP_CHARACTER)
7950152: 0 Tage idle - Level 3 (KEEP_CHARACTER)
7950852: 0 Tage idle - Level 5 (KEEP_CHARACTER)
7948853: 0 Tage idle - Level 3 (KEEP_CHARACTER)
7941353: 0 Tage idle - Level 6 (KEEP_CHARACTER)
7951653: 0 Tage idle - Level 2 (KEEP_CHARACTER)
7948953: 0 Tage idle - Level 6 (KEEP_CHARACTER)
7950553: 0 Tage idle - Level 2 (KEEP_CHARACTER)
7941553: 0 Tage idle - Level 5 (KEEP_CHARACTER)
7958053: 0 Tage idle - Level 1 (KEEP_CHARACTER)
7949753: 0 Tage idle - Level 5 (KEEP_CHARACTER)
7939553: 0 Tage idle - Level 4 (KEEP_CHARACTER)
7944153: 0 Tage idle - Level 5 (KEEP_CHARACTER)
7950053: 0 Tage idle - Level 6 (KEEP_CHARACTER)
7944253: 0 Tage idle - Level 5 (KEEP_CHARACTER)
7950853: 0 Tage idle - Level 1 (KEEP_CHARACTER)
7941853: 1 Tage idle - Level 1 (KEEP_CHARACTER)
7948753: 0 Tage idle - Level 2 (KEEP_CHARACTER)
7957854: 0 Tage idle - Level 3 (KEEP_CHARACTER)
7940054: 1 Tage idle - Level 7 (KEEP_CHARACTER)
7940254: 1 Tage idle - Level 5 (KEEP_CHARACTER)
7940954: 0 Tage idle - Level 5 (KEEP_CHARACTER)
7942254: 1 Tage idle - Level 1 (KEEP_CHARACTER)
7948554: 0 Tage idle - Level 1 (KEEP_CHARACTER)
7955854: 0 Tage idle - Level 1 (KEEP_CHARACTER)
7955254: 0 Tage idle - Level 1 (KEEP_CHARACTER)
7961255: 0 Tage idle - Level 1 (KEEP_CHARACTER)
7943355: 1 Tage idle - Level 4 (KEEP_CHARACTER)
7939355: 1 Tage idle - Level 5 (KEEP_CHARACTER)
7956855: 0 Tage idle - Level 1 (KEEP_CHARACTER)
7943455: 0 Tage idle - Level 4 (KEEP_CHARACTER)
7959455: 0 Tage idle - Level 4 (KEEP_CHARACTER)
7940655: 1 Tage idle - Level 3 (KEEP_CHARACTER)
7952156: 0 Tage idle - Level 1 (KEEP_CHARACTER)
7940056: 0 Tage idle - Level 1 (KEEP_CHARACTER)
7939956: 1 Tage idle - Level 2 (KEEP_CHARACTER)
7945856: 0 Tage idle - Level 1 (KEEP_CHARACTER)
7954956: 0 Tage idle - Level 4 (KEEP_CHARACTER)
7951156: 0 Tage idle - Level 2 (KEEP_CHARACTER)
7938856: 1 Tage idle - Level 1 (KEEP_CHARACTER)
7944956: 0 Tage idle - Level 6 (KEEP_CHARACTER)
7939056: 0 Tage idle - Level 6 (KEEP_CHARACTER)
7940656: 1 Tage idle - Level 1 (KEEP_CHARACTER)
7955357: 0 Tage idle - Level 3 (KEEP_CHARACTER)
7956657: 0 Tage idle - Level 2 (KEEP_CHARACTER)
7952957: 0 Tage idle - Level 2 (KEEP_CHARACTER)
7956057: 0 Tage idle - Level 1 (KEEP_CHARACTER)
7954257: 0 Tage idle - Level 3 (KEEP_CHARACTER)
7941657: 1 Tage idle - Level 2 (KEEP_CHARACTER)
7942957: 0 Tage idle - Level 6 (KEEP_CHARACTER)
7939557: 1 Tage idle - Level 1
7948757: 0 Tage idle - Level 5 (KEEP_CHARACTER)
7939057: 1 Tage idle - Level 7 (KEEP_CHARACTER)
7954657: 0 Tage idle - Level 6 (KEEP_CHARACTER)
7941958: 1 Tage idle - Level 1 (KEEP_CHARACTER)
7950358: 0 Tage idle - Level 5 (KEEP_CHARACTER)
7940958: 0 Tage idle - Level 1 (KEEP_CHARACTER)
7945658: 1 Tage idle - Level 4 (KEEP_CHARACTER)
7949459: 0 Tage idle - Level 2 (KEEP_CHARACTER)
7939959: 1 Tage idle - Level 1 (KEEP_CHARACTER)
7956759: 0 Tage idle - Level 2 (KEEP_CHARACTER)
7939359: 0 Tage idle - Level 6 (KEEP_CHARACTER)
7949059: 0 Tage idle - Level 1 (KEEP_CHARACTER)
7941759: 1 Tage idle - Level 1 (KEEP_CHARACTER)
7942359: 1 Tage idle - Level 1 (KEEP_CHARACTER)
7955159: 0 Tage idle - Level 2 (KEEP_CHARACTER)
7948759: 0 Tage idle - Level 1 (KEEP_CHARACTER)
7940160: 0 Tage idle - Level 1 (KEEP_CHARACTER)
7943460: 0 Tage idle - Level 10 (KEEP_CHARACTER)
7940360: 1 Tage idle - Level 4 (KEEP_CHARACTER)
7947360: 0 Tage idle - Level 1 (KEEP_CHARACTER)
7953960: 0 Tage idle - Level 4 (KEEP_CHARACTER)
7952760: 0 Tage idle - Level 1 (KEEP_CHARACTER)
7944360: 0 Tage idle - Level 1 (KEEP_CHARACTER)
7950260: 0 Tage idle - Level 1 (KEEP_CHARACTER)
7950961: 0 Tage idle - Level 7 (KEEP_CHARACTER)
7943261: 0 Tage idle - Level 3 (KEEP_CHARACTER)
7942061: 1 Tage idle - Level 1 (KEEP_CHARACTER)
7939361: 1 Tage idle - Level 7 (KEEP_CHARACTER)
7955661: 0 Tage idle - Level 2 (KEEP_CHARACTER)
7947261: 0 Tage idle - Level 1 (KEEP_CHARACTER)
7950061: 0 Tage idle - Level 5 (KEEP_CHARACTER)
7958261: 0 Tage idle - Level 3 (KEEP_CHARACTER)
7939661: 0 Tage idle - Level 5 (KEEP_CHARACTER)
7955161: 0 Tage idle - Level 4 (KEEP_CHARACTER)
7941161: 0 Tage idle - Level 2 (KEEP_CHARACTER)
7958361: 0 Tage idle - Level 1 (KEEP_CHARACTER)
7947062: 0 Tage idle - Level 4 (KEEP_CHARACTER)
7943362: 0 Tage idle - Level 10 (KEEP_CHARACTER)
7949662: 0 Tage idle - Level 1 (KEEP_CHARACTER)
7947162: 0 Tage idle - Level 5 (KEEP_CHARACTER)
7951962: 0 Tage idle - Level 1 (KEEP_CHARACTER)
7955162: 0 Tage idle - Level 2 (KEEP_CHARACTER)
7939062: 1 Tage idle - Level 3 (KEEP_CHARACTER)
7943163: 1 Tage idle - Level 1 (KEEP_CHARACTER)
7947063: 0 Tage idle - Level 9 (KEEP_CHARACTER)
7954963: 0 Tage idle - Level 1 (KEEP_CHARACTER)
7945463: 1 Tage idle - Level 4 (KEEP_CHARACTER)
7941063: 0 Tage idle - Level 1 (KEEP_CHARACTER)
7955163: 0 Tage idle - Level 2 (KEEP_CHARACTER)
7946964: 0 Tage idle - Level 4 (KEEP_CHARACTER)
7957964: 0 Tage idle - Level 2 (KEEP_CHARACTER)
7944564: 1 Tage idle - Level 1 (KEEP_CHARACTER)
7947064: 0 Tage idle - Level 5 (KEEP_CHARACTER)
7940964: 1 Tage idle - Level 1 (KEEP_CHARACTER)
7958164: 0 Tage idle - Level 1 (KEEP_CHARACTER)
7939664: 1 Tage idle - Level 4 (KEEP_CHARACTER)
7944264: 1 Tage idle - Level 1 (KEEP_CHARACTER)
7945564: 0 Tage idle - Level 5 (KEEP_CHARACTER)
7942565: 1 Tage idle - Level 1 (KEEP_CHARACTER)
7939265: 1 Tage idle - Level 1 (KEEP_CHARACTER)
7944565: 0 Tage idle - Level 2 (KEEP_CHARACTER)
7940865: 0 Tage idle - Level 2 (KEEP_CHARACTER)
7940965: 0 Tage idle - Level 5 (KEEP_CHARACTER)
7942865: 0 Tage idle - Level 6 (KEEP_CHARACTER)
7951965: 0 Tage idle - Level 3 (KEEP_CHARACTER)
7942965: 1 Tage idle - Level 1 (KEEP_CHARACTER)
7948565: 0 Tage idle - Level 2 (KEEP_CHARACTER)
7950165: 0 Tage idle - Level 4 (KEEP_CHARACTER)
7952765: 0 Tage idle - Level 1 (KEEP_CHARACTER)
7939065: 1 Tage idle - Level 1 (KEEP_CHARACTER)
7949466: 0 Tage idle - Level 3 (KEEP_CHARACTER)
7948966: 0 Tage idle - Level 1 (KEEP_CHARACTER)
7943966: 0 Tage idle - Level 9 (KEEP_CHARACTER)
7941666: 0 Tage idle - Level 4 (KEEP_CHARACTER)
7951966: 0 Tage idle - Level 7 (KEEP_CHARACTER)
7941267: 1 Tage idle - Level 1 (KEEP_CHARACTER)
7951567: 0 Tage idle - Level 1 (KEEP_CHARACTER)
7954767: 0 Tage idle - Level 3 (KEEP_CHARACTER)
7950467: 0 Tage idle - Level 1 (KEEP_CHARACTER)
7952367: 0 Tage idle - Level 1 (KEEP_CHARACTER)
7948367: 0 Tage idle - Level 2 (KEEP_CHARACTER)
7953067: 0 Tage idle - Level 3 (KEEP_CHARACTER)
7945367: 0 Tage idle - Level 1 (KEEP_CHARACTER)
7943567: 1 Tage idle - Level 2 (KEEP_CHARACTER)
7950067: 0 Tage idle - Level 2 (KEEP_CHARACTER)
7941067: 1 Tage idle - Level 1 (KEEP_CHARACTER)
7958967: 0 Tage idle - Level 1 (KEEP_CHARACTER)
7953967: 0 Tage idle - Level 1 (KEEP_CHARACTER)
7945567: 1 Tage idle - Level 1 (KEEP_CHARACTER)
7950167: 0 Tage idle - Level 4 (KEEP_CHARACTER)
7940567: 0 Tage idle - Level 3 (KEEP_CHARACTER)
7961168: 0 Tage idle - Level 1 (KEEP_CHARACTER)
7953468: 0 Tage idle - Level 3 (KEEP_CHARACTER)
7939168: 0 Tage idle - Level 4 (KEEP_CHARACTER)
7939868: 1 Tage idle - Level 2 (KEEP_CHARACTER)
7956068: 0 Tage idle - Level 5 (KEEP_CHARACTER)
7942768: 1 Tage idle - Level 1 (KEEP_CHARACTER)
7961468: 0 Tage idle - Level 4 (KEEP_CHARACTER)
7958968: 0 Tage idle - Level 3 (KEEP_CHARACTER)
7950168: 0 Tage idle - Level 5 (KEEP_CHARACTER)
7941868: 1 Tage idle - Level 1 (KEEP_CHARACTER)
7943068: 0 Tage idle - Level 3 (KEEP_CHARACTER)
7946269: 1 Tage idle - Level 3 (KEEP_CHARACTER)
7953569: 0 Tage idle - Level 4 (KEEP_CHARACTER)
7949569: 0 Tage idle - Level 4 (KEEP_CHARACTER)
7951069: 0 Tage idle - Level 1 (KEEP_CHARACTER)
7941469: 1 Tage idle - Level 1 (KEEP_CHARACTER)
7942169: 1 Tage idle - Level 2 (KEEP_CHARACTER)
7950669: 0 Tage idle - Level 5 (KEEP_CHARACTER)
7941069: 0 Tage idle - Level 5 (KEEP_CHARACTER)
7952669: 0 Tage idle - Level 5 (KEEP_CHARACTER)
7948769: 0 Tage idle - Level 3 (KEEP_CHARACTER)
7944369: 0 Tage idle - Level 1 (KEEP_CHARACTER)
7952170: 0 Tage idle - Level 2 (KEEP_CHARACTER)
7952870: 0 Tage idle - Level 6 (KEEP_CHARACTER)
7948870: 0 Tage idle - Level 2 (KEEP_CHARACTER)
7954070: 0 Tage idle - Level 1 (KEEP_CHARACTER)
7947670: 1 Tage idle - Level 1 (KEEP_CHARACTER)
7953570: 0 Tage idle - Level 4 (KEEP_CHARACTER)
7940170: 1 Tage idle - Level 1 (KEEP_CHARACTER)
7940870: 1 Tage idle - Level 4 (KEEP_CHARACTER)
7961370: 0 Tage idle - Level 1 (KEEP_CHARACTER)
7945270: 0 Tage idle - Level 6 (KEEP_CHARACTER)
7953070: 0 Tage idle - Level 1 (KEEP_CHARACTER)
7949770: 0 Tage idle - Level 5 (KEEP_CHARACTER)
7958170: 0 Tage idle - Level 1 (KEEP_CHARACTER)
7941070: 1 Tage idle - Level 5 (KEEP_CHARACTER)
7945570: 0 Tage idle - Level 6 (KEEP_CHARACTER)
7946870: 0 Tage idle - Level 2 (KEEP_CHARACTER)
7949370: 0 Tage idle - Level 6 (KEEP_CHARACTER)
7941971: 1 Tage idle - Level 3 (KEEP_CHARACTER)
7944471: 1 Tage idle - Level 1 (KEEP_CHARACTER)
7951771: 0 Tage idle - Level 1 (KEEP_CHARACTER)
7943471: 0 Tage idle - Level 5 (KEEP_CHARACTER)
7939471: 1 Tage idle - Level 1 (KEEP_CHARACTER)
7958171: 0 Tage idle - Level 1 (KEEP_CHARACTER)
7949971: 0 Tage idle - Level 3 (KEEP_CHARACTER)
7944371: 0 Tage idle - Level 4 (KEEP_CHARACTER)
7950972: 0 Tage idle - Level 1 (KEEP_CHARACTER)
7959172: 0 Tage idle - Level 3 (KEEP_CHARACTER)
7943972: 0 Tage idle - Level 4 (KEEP_CHARACTER)
7957372: 0 Tage idle - Level 5 (KEEP_CHARACTER)
7942772: 1 Tage idle - Level 1 (KEEP_CHARACTER)
7953672: 0 Tage idle - Level 2 (KEEP_CHARACTER)
7940472: 0 Tage idle - Level 2 (KEEP_CHARACTER)
7961672: 0 Tage idle - Level 4 (KEEP_CHARACTER)
7942372: 1 Tage idle - Level 2 (KEEP_CHARACTER)
7939672: 1 Tage idle - Level 1 (KEEP_CHARACTER)
7942472: 1 Tage idle - Level 4 (KEEP_CHARACTER)
7943873: 0 Tage idle - Level 3 (KEEP_CHARACTER)
7945773: 0 Tage idle - Level 6 (KEEP_CHARACTER)
7952273: 0 Tage idle - Level 1 (KEEP_CHARACTER)
7942673: 0 Tage idle - Level 5 (KEEP_CHARACTER)
7940873: 1 Tage idle - Level 1 (KEEP_CHARACTER)
7938873: 1 Tage idle - Level 1 (KEEP_CHARACTER)
7952573: 0 Tage idle - Level 1 (KEEP_CHARACTER)
7944873: 0 Tage idle - Level 6 (KEEP_CHARACTER)
7957974: 0 Tage idle - Level 3 (KEEP_CHARACTER)
7942074: 0 Tage idle - Level 2 (KEEP_CHARACTER)
7948374: 0 Tage idle - Level 1 (KEEP_CHARACTER)
7946574: 0 Tage idle - Level 3 (KEEP_CHARACTER)
7941574: 0 Tage idle - Level 4 (KEEP_CHARACTER)
7951974: 0 Tage idle - Level 5 (KEEP_CHARACTER)
7939674: 1 Tage idle - Level 6 (KEEP_CHARACTER)
7941174: 1 Tage idle - Level 1 (KEEP_CHARACTER)
7939774: 1 Tage idle - Level 1 (KEEP_CHARACTER)
7941975: 1 Tage idle - Level 1 (KEEP_CHARACTER)
7940975: 1 Tage idle - Level 1 (KEEP_CHARACTER)
7951175: 0 Tage idle - Level 2 (KEEP_CHARACTER)
7963375: 0 Tage idle - Level 2 (KEEP_CHARACTER)
7944075: 0 Tage idle - Level 2 (KEEP_CHARACTER)
7938975: 0 Tage idle - Level 4 (KEEP_CHARACTER)
7941075: 1 Tage idle - Level 1 (KEEP_CHARACTER)
7944275: 0 Tage idle - Level 4 (KEEP_CHARACTER)
7941276: 1 Tage idle - Level 1 (KEEP_CHARACTER)
7948276: 0 Tage idle - Level 6 (KEEP_CHARACTER)
7948476: 0 Tage idle - Level 5 (KEEP_CHARACTER)
7950876: 0 Tage idle - Level 3 (KEEP_CHARACTER)
7946876: 0 Tage idle - Level 7 (KEEP_CHARACTER)
7943776: 1 Tage idle - Level 1 (KEEP_CHARACTER)
7950977: 0 Tage idle - Level 2 (KEEP_CHARACTER)
7943877: 1 Tage idle - Level 1 (KEEP_CHARACTER)
7941377: 0 Tage idle - Level 4 (KEEP_CHARACTER)
7953577: 0 Tage idle - Level 5 (KEEP_CHARACTER)
7940977: 0 Tage idle - Level 4 (KEEP_CHARACTER)
7951877: 0 Tage idle - Level 4 (KEEP_CHARACTER)
7939477: 0 Tage idle - Level 4 (KEEP_CHARACTER)
7944777: 0 Tage idle - Level 1 (KEEP_CHARACTER)
7940477: 0 Tage idle - Level 6 (KEEP_CHARACTER)
7946077: 1 Tage idle - Level 1 (KEEP_CHARACTER)
7957677: 0 Tage idle - Level 4 (KEEP_CHARACTER)
7943677: 0 Tage idle - Level 1 (KEEP_CHARACTER)
7942477: 0 Tage idle - Level 3 (KEEP_CHARACTER)
7948777: 0 Tage idle - Level 5 (KEEP_CHARACTER)
7941978: 1 Tage idle - Level 1 (KEEP_CHARACTER)
7948178: 0 Tage idle - Level 2 (KEEP_CHARACTER)
7941378: 0 Tage idle - Level 7 (KEEP_CHARACTER)
7957978: 0 Tage idle - Level 3 (KEEP_CHARACTER)
7946478: 0 Tage idle - Level 3 (KEEP_CHARACTER)
7950778: 0 Tage idle - Level 5 (KEEP_CHARACTER)
7959578: 0 Tage idle - Level 1 (KEEP_CHARACTER)
7950178: 0 Tage idle - Level 8 (KEEP_CHARACTER)
7941878: 1 Tage idle - Level 1 (KEEP_CHARACTER)
7939078: 0 Tage idle - Level 3 (KEEP_CHARACTER)
7949479: 0 Tage idle - Level 3 (KEEP_CHARACTER)
7940079: 0 Tage idle - Level 5 (KEEP_CHARACTER)
7948279: 0 Tage idle - Level 7 (KEEP_CHARACTER)
7953579: 0 Tage idle - Level 5 (KEEP_CHARACTER)
7939279: 0 Tage idle - Level 8 (KEEP_CHARACTER)
7939979: 1 Tage idle - Level 15 (KEEP_CHARACTER)
7945279: 1 Tage idle - Level 3 (KEEP_CHARACTER)
7946579: 0 Tage idle - Level 5 (KEEP_CHARACTER)
7952479: 0 Tage idle - Level 4 (KEEP_CHARACTER)
7949079: 0 Tage idle - Level 7 (KEEP_CHARACTER)
7940379: 1 Tage idle - Level 1 (KEEP_CHARACTER)
7948779: 0 Tage idle - Level 4 (KEEP_CHARACTER)
7949680: 0 Tage idle - Level 1 (KEEP_CHARACTER)
7954980: 0 Tage idle - Level 4 (KEEP_CHARACTER)
7942880: 1 Tage idle - Level 1 (KEEP_CHARACTER)
7953080: 0 Tage idle - Level 5 (KEEP_CHARACTER)
7940380: 1 Tage idle - Level 1 (KEEP_CHARACTER)
7956980: 0 Tage idle - Level 1 (KEEP_CHARACTER)
7950080: 0 Tage idle - Level 1 (KEEP_CHARACTER)
7942480: 1 Tage idle - Level 1 (KEEP_CHARACTER)
7950281: 0 Tage idle - Level 1 (KEEP_CHARACTER)
7940681: 1 Tage idle - Level 7 (KEEP_CHARACTER)
7950981: 0 Tage idle - Level 3 (KEEP_CHARACTER)
7951681: 0 Tage idle - Level 3 (KEEP_CHARACTER)
7949581: 0 Tage idle - Level 2 (KEEP_CHARACTER)
7945181: 1 Tage idle - Level 5 (KEEP_CHARACTER)
7955481: 0 Tage idle - Level 1 (KEEP_CHARACTER)
7960081: 0 Tage idle - Level 3 (KEEP_CHARACTER)
7956781: 0 Tage idle - Level 2 (KEEP_CHARACTER)
7945281: 0 Tage idle - Level 7 (KEEP_CHARACTER)
7950581: 0 Tage idle - Level 5 (KEEP_CHARACTER)
7958781: 0 Tage idle - Level 6 (KEEP_CHARACTER)
7943581: 1 Tage idle - Level 4 (KEEP_CHARACTER)
7940481: 1 Tage idle - Level 1 (KEEP_CHARACTER)
7941081: 1 Tage idle - Level 1 (KEEP_CHARACTER)
7950181: 0 Tage idle - Level 2 (KEEP_CHARACTER)
7951481: 0 Tage idle - Level 1 (KEEP_CHARACTER)
7946282: 0 Tage idle - Level 4 (KEEP_CHARACTER)
7951582: 0 Tage idle - Level 5 (KEEP_CHARACTER)
7940882: 0 Tage idle - Level 1 (KEEP_CHARACTER)
7941482: 0 Tage idle - Level 4 (KEEP_CHARACTER)
7944182: 0 Tage idle - Level 1 (KEEP_CHARACTER)
7946082: 1 Tage idle - Level 1 (KEEP_CHARACTER)
7943682: 0 Tage idle - Level 7 (KEEP_CHARACTER)
7941182: 1 Tage idle - Level 1 (KEEP_CHARACTER)
7942583: 1 Tage idle - Level 2 (KEEP_CHARACTER)
7947683: 0 Tage idle - Level 5 (KEEP_CHARACTER)
7952283: 0 Tage idle - Level 3 (KEEP_CHARACTER)
7941483: 1 Tage idle - Level 1 (KEEP_CHARACTER)
7949683: 0 Tage idle - Level 1 (KEEP_CHARACTER)
7945383: 1 Tage idle - Level 2 (KEEP_CHARACTER)
7942983: 0 Tage idle - Level 5 (KEEP_CHARACTER)
7946083: 1 Tage idle - Level 5 (KEEP_CHARACTER)
7945583: 0 Tage idle - Level 3 (KEEP_CHARACTER)
7955883: 0 Tage idle - Level 1 (KEEP_CHARACTER)
7939083: 0 Tage idle - Level 15 (KEEP_CHARACTER)
7951584: 0 Tage idle - Level 3 (KEEP_CHARACTER)
7940084: 1 Tage idle - Level 1 (KEEP_CHARACTER)
7951784: 0 Tage idle - Level 4 (KEEP_CHARACTER)
7939384: 1 Tage idle - Level 6 (KEEP_CHARACTER)
7952584: 0 Tage idle - Level 4 (KEEP_CHARACTER)
7953184: 0 Tage idle - Level 1 (KEEP_CHARACTER)
7939684: 0 Tage idle - Level 6 (KEEP_CHARACTER)
7941585: 1 Tage idle - Level 1 (KEEP_CHARACTER)
7943485: 0 Tage idle - Level 4 (KEEP_CHARACTER)
7959385: 0 Tage idle - Level 2 (KEEP_CHARACTER)
7942285: 1 Tage idle - Level 1 (KEEP_CHARACTER)
7949885: 0 Tage idle - Level 2 (KEEP_CHARACTER)
7941785: 0 Tage idle - Level 4 (KEEP_CHARACTER)
7957685: 0 Tage idle - Level 1 (KEEP_CHARACTER)
7948685: 0 Tage idle - Level 1 (KEEP_CHARACTER)
7953985: 0 Tage idle - Level 4 (KEEP_CHARACTER)
7939785: 1 Tage idle - Level 1 (KEEP_CHARACTER)
7945686: 0 Tage idle - Level 1 (KEEP_CHARACTER)
7940686: 1 Tage idle - Level 1 (KEEP_CHARACTER)
7952186: 0 Tage idle - Level 2 (KEEP_CHARACTER)
7943186: 0 Tage idle - Level 6 (KEEP_CHARACTER)
7957986: 0 Tage idle - Level 2 (KEEP_CHARACTER)
7952986: 0 Tage idle - Level 5 (KEEP_CHARACTER)
7939286: 1 Tage idle - Level 5 (KEEP_CHARACTER)
7946486: 0 Tage idle - Level 1 (KEEP_CHARACTER)
7942886: 1 Tage idle - Level 1 (KEEP_CHARACTER)
7948486: 0 Tage idle - Level 1 (KEEP_CHARACTER)
7953786: 0 Tage idle - Level 5 (KEEP_CHARACTER)
7950686: 0 Tage idle - Level 3 (KEEP_CHARACTER)
7955086: 0 Tage idle - Level 2 (KEEP_CHARACTER)
7950186: 0 Tage idle - Level 4 (KEEP_CHARACTER)
7941287: 1 Tage idle - Level 1 (KEEP_CHARACTER)
7941487: 1 Tage idle - Level 1 (KEEP_CHARACTER)
7940287: 0 Tage idle - Level 11 (KEEP_CHARACTER)
7962787: 0 Tage idle - Level 2 (KEEP_CHARACTER)
7943487: 0 Tage idle - Level 2 (KEEP_CHARACTER)
7946687: 0 Tage idle - Level 2 (KEEP_CHARACTER)
7952888: 0 Tage idle - Level 1 (KEEP_CHARACTER)
7953588: 0 Tage idle - Level 4 (KEEP_CHARACTER)
7945888: 0 Tage idle - Level 3 (KEEP_CHARACTER)
7957488: 0 Tage idle - Level 4 (KEEP_CHARACTER)
7944088: 0 Tage idle - Level 6 (KEEP_CHARACTER)
7940488: 1 Tage idle - Level 1 (KEEP_CHARACTER)
7958288: 0 Tage idle - Level 4 (KEEP_CHARACTER)
7946888: 0 Tage idle - Level 4 (KEEP_CHARACTER)
7942488: 1 Tage idle - Level 1 (KEEP_CHARACTER)
7950989: 0 Tage idle - Level 7 (KEEP_CHARACTER)
7961889: 0 Tage idle - Level 1 (KEEP_CHARACTER)
7956789: 0 Tage idle - Level 3 (KEEP_CHARACTER)
7942789: 1 Tage idle - Level 1 (KEEP_CHARACTER)
7940989: 0 Tage idle - Level 4 (KEEP_CHARACTER)
7941689: 0 Tage idle - Level 7 (KEEP_CHARACTER)
7948589: 0 Tage idle - Level 4 (KEEP_CHARACTER)
7949989: 0 Tage idle - Level 3 (KEEP_CHARACTER)
7942489: 1 Tage idle - Level 1 (KEEP_CHARACTER)
7948789: 0 Tage idle - Level 5 (KEEP_CHARACTER)
7942590: 1 Tage idle - Level 2 (KEEP_CHARACTER)
7947690: 0 Tage idle - Level 4 (KEEP_CHARACTER)
7942090: 1 Tage idle - Level 1 (KEEP_CHARACTER)
7951990: 0 Tage idle - Level 2 (KEEP_CHARACTER)
7942990: 1 Tage idle - Level 2 (KEEP_CHARACTER)
7955090: 0 Tage idle - Level 1 (KEEP_CHARACTER)
7950090: 0 Tage idle - Level 1 (KEEP_CHARACTER)
7950991: 0 Tage idle - Level 2 (KEEP_CHARACTER)
7941291: 0 Tage idle - Level 5 (KEEP_CHARACTER)
7939191: 1 Tage idle - Level 1 (KEEP_CHARACTER)
7945791: 1 Tage idle - Level 5 (KEEP_CHARACTER)
7944291: 1 Tage idle - Level 4 (KEEP_CHARACTER)
7950292: 0 Tage idle - Level 1 (KEEP_CHARACTER)
7945792: 0 Tage idle - Level 3 (KEEP_CHARACTER)
7947292: 1 Tage idle - Level 6 (KEEP_CHARACTER)
7943592: 0 Tage idle - Level 3 (KEEP_CHARACTER)
7953292: 0 Tage idle - Level 4 (KEEP_CHARACTER)
7950892: 0 Tage idle - Level 2 (KEEP_CHARACTER)
7941192: 1 Tage idle - Level 1 (KEEP_CHARACTER)
7942492: 0 Tage idle - Level 1 (KEEP_CHARACTER)
7944392: 0 Tage idle - Level 4 (KEEP_CHARACTER)
7944393: 0 Tage idle - Level 1 (KEEP_CHARACTER)
7959793: 0 Tage idle - Level 1 (KEEP_CHARACTER)
7949793: 0 Tage idle - Level 1 (KEEP_CHARACTER)
7940393: 1 Tage idle - Level 1 (KEEP_CHARACTER)
7948593: 0 Tage idle - Level 3 (KEEP_CHARACTER)
7939593: 0 Tage idle - Level 3 (KEEP_CHARACTER)
7940493: 1 Tage idle - Level 1 (KEEP_CHARACTER)
7946093: 1 Tage idle - Level 1 (KEEP_CHARACTER)
7941093: 1 Tage idle - Level 1 (KEEP_CHARACTER)
7950193: 0 Tage idle - Level 6 (KEEP_CHARACTER)
7941893: 1 Tage idle - Level 1 (KEEP_CHARACTER)
7944394: 1 Tage idle - Level 1 (KEEP_CHARACTER)
7957894: 0 Tage idle - Level 2 (KEEP_CHARACTER)
7945794: 0 Tage idle - Level 1 (KEEP_CHARACTER)
7952994: 0 Tage idle - Level 1 (KEEP_CHARACTER)
7950494: 0 Tage idle - Level 2 (KEEP_CHARACTER)
7942794: 1 Tage idle - Level 1 (KEEP_CHARACTER)
7948394: 0 Tage idle - Level 4 (KEEP_CHARACTER)
7940994: 1 Tage idle - Level 1 (KEEP_CHARACTER)
7942894: 1 Tage idle - Level 5 (KEEP_CHARACTER)
7954394: 0 Tage idle - Level 3 (KEEP_CHARACTER)
7939594: 0 Tage idle - Level 7 (KEEP_CHARACTER)
7950094: 0 Tage idle - Level 2 (KEEP_CHARACTER)
7944495: 1 Tage idle - Level 2 (KEEP_CHARACTER)
7945795: 0 Tage idle - Level 4 (KEEP_CHARACTER)
7940795: 1 Tage idle - Level 1 (KEEP_CHARACTER)
7951095: 0 Tage idle - Level 1 (KEEP_CHARACTER)
7947095: 0 Tage idle - Level 6 (KEEP_CHARACTER)
7951295: 0 Tage idle - Level 3 (KEEP_CHARACTER)
7941695: 1 Tage idle - Level 1 (KEEP_CHARACTER)
7947995: 0 Tage idle - Level 5 (KEEP_CHARACTER)
7946795: 0 Tage idle - Level 1 (KEEP_CHARACTER)
7953995: 0 Tage idle - Level 1 (KEEP_CHARACTER)
7941895: 1 Tage idle - Level 2 (KEEP_CHARACTER)
7952795: 0 Tage idle - Level 4 (KEEP_CHARACTER)
7944396: 0 Tage idle - Level 2 (KEEP_CHARACTER)
7940696: 1 Tage idle - Level 1 (KEEP_CHARACTER)
7949596: 0 Tage idle - Level 5 (KEEP_CHARACTER)
7954496: 0 Tage idle - Level 2 (KEEP_CHARACTER)
7953996: 0 Tage idle - Level 6 (KEEP_CHARACTER)
7953497: 0 Tage idle - Level 2 (KEEP_CHARACTER)
7948997: 0 Tage idle - Level 1 (KEEP_CHARACTER)
7955497: 0 Tage idle - Level 3 (KEEP_CHARACTER)
7942097: 1 Tage idle - Level 2 (KEEP_CHARACTER)
7944697: 0 Tage idle - Level 5 (KEEP_CHARACTER)
7950597: 0 Tage idle - Level 1 (KEEP_CHARACTER)
7940997: 1 Tage idle - Level 1 (KEEP_CHARACTER)
7941697: 1 Tage idle - Level 1 (KEEP_CHARACTER)
7939697: 1 Tage idle - Level 2 (KEEP_CHARACTER)
7943198: 0 Tage idle - Level 6 (KEEP_CHARACTER)
7949498: 0 Tage idle - Level 7 (KEEP_CHARACTER)
7945798: 0 Tage idle - Level 4 (KEEP_CHARACTER)
7940798: 1 Tage idle - Level 1 (KEEP_CHARACTER)
7940898: 0 Tage idle - Level 3
7942798: 1 Tage idle - Level 1 (KEEP_CHARACTER)
7954998: 0 Tage idle - Level 1 (KEEP_CHARACTER)
7951198: 0 Tage idle - Level 5 (KEEP_CHARACTER)
7946098: 0 Tage idle - Level 5 (KEEP_CHARACTER)
7947398: 0 Tage idle - Level 4 (KEEP_CHARACTER)
7942498: 1 Tage idle - Level 1 (KEEP_CHARACTER)
7939799: 1 Tage idle - Level 1 (KEEP_CHARACTER)
7941299: 0 Tage idle - Level 2 (KEEP_CHARACTER)
7950499: 0 Tage idle - Level 1 (KEEP_CHARACTER)
7947099: 1 Tage idle - Level 5 (KEEP_CHARACTER)
7956199: 0 Tage idle - Level 3 (KEEP_CHARACTER)
7951899: 0 Tage idle - Level 4 (KEEP_CHARACTER)
7950099: 0 Tage idle - Level 1 (KEEP_CHARACTER)
7946099: 0 Tage idle - Level 3 (KEEP_CHARACTER)
7951399: 0 Tage idle - Level 1 (KEEP_CHARACTER)
7943699: 1 Tage idle - Level 1 (KEEP_CHARACTER)
7946199: 0 Tage idle - Level 3 (KEEP_CHARACTER)
7952099: 0 Tage idle - Level 1 (KEEP_CHARACTER)
-------------------------------------------------------------------------------
Löschen alter User beendet: Fri Apr  1 00:13:39 2005
0 User gelöscht.
